<?xml version="1.0" encoding="UTF-8"?>
<testsuite xmlns:xsi="http://www.w3.org/2001/XMLSchema-instance" xsi:noNamespaceSchemaLocation="https://maven.apache.org/surefire/maven-surefire-plugin/xsd/surefire-test-report-3.0.xsd" version="3.0" name="br.edu.utfpr.td.tsi.MainTest" time="0.041" tests="1" errors="0" skipped="0" failures="0">
  <properties>
    <property name="java.specification.version" value="19"/>
    <property name="sun.jnu.encoding" value="UTF-8"/>
    <property name="java.class.path" value="/home/andre/Documents/Dropbox/Disciplinas-TSI/5_semestre/TÓPICOS AVANÇADOS EM TECNOLOGIA DA INFORMAÇÃO/sistema-financeiro-distribuido/sistema_produtor/target/test-classes:/home/andre/Documents/Dropbox/Disciplinas-TSI/5_semestre/TÓPICOS AVANÇADOS EM TECNOLOGIA DA INFORMAÇÃO/sistema-financeiro-distribuido/sistema_produtor/target/classes:/home/andre/.m2/repository/org/springframework/boot/spring-boot-starter-amqp/3.1.0/spring-boot-starter-amqp-3.1.0.jar:/home/andre/.m2/repository/org/springframework/boot/spring-boot-starter/3.1.0/spring-boot-starter-3.1.0.jar:/home/andre/.m2/repository/org/springframework/boot/spring-boot/3.1.0/spring-boot-3.1.0.jar:/home/andre/.m2/repository/org/springframework/boot/spring-boot-autoconfigure/3.1.0/spring-boot-autoconfigure-3.1.0.jar:/home/andre/.m2/repository/org/springframework/boot/spring-boot-starter-logging/3.1.0/spring-boot-starter-logging-3.1.0.jar:/home/andre/.m2/repository/ch/qos/logback/logback-classic/1.4.7/logback-classic-1.4.7.jar:/home/andre/.m2/repository/ch/qos/logback/logback-core/1.4.7/logback-core-1.4.7.jar:/home/andre/.m2/repository/org/apache/logging/log4j/log4j-to-slf4j/2.20.0/log4j-to-slf4j-2.20.0.jar:/home/andre/.m2/repository/org/apache/logging/log4j/log4j-api/2.20.0/log4j-api-2.20.0.jar:/home/andre/.m2/repository/org/slf4j/jul-to-slf4j/2.0.7/jul-to-slf4j-2.0.7.jar:/home/andre/.m2/repository/jakarta/annotation/jakarta.annotation-api/2.1.1/jakarta.annotation-api-2.1.1.jar:/home/andre/.m2/repository/org/yaml/snakeyaml/1.33/snakeyaml-1.33.jar:/home/andre/.m2/repository/org/springframework/spring-messaging/6.0.9/spring-messaging-6.0.9.jar:/home/andre/.m2/repository/org/springframework/spring-beans/6.0.9/spring-beans-6.0.9.jar:/home/andre/.m2/repository/org/springframework/amqp/spring-rabbit/3.0.4/spring-rabbit-3.0.4.jar:/home/andre/.m2/repository/org/springframework/amqp/spring-amqp/3.0.4/spring-amqp-3.0.4.jar:/home/andre/.m2/repository/org/springframework/retry/spring-retry/2.0.1/spring-retry-2.0.1.jar:/home/andre/.m2/repository/com/rabbitmq/amqp-client/5.17.0/amqp-client-5.17.0.jar:/home/andre/.m2/repository/org/springframework/spring-context/6.0.9/spring-context-6.0.9.jar:/home/andre/.m2/repository/org/springframework/spring-aop/6.0.9/spring-aop-6.0.9.jar:/home/andre/.m2/repository/org/springframework/spring-expression/6.0.9/spring-expression-6.0.9.jar:/home/andre/.m2/repository/org/springframework/spring-tx/6.0.9/spring-tx-6.0.9.jar:/home/andre/.m2/repository/io/micrometer/micrometer-observation/1.11.0/micrometer-observation-1.11.0.jar:/home/andre/.m2/repository/io/micrometer/micrometer-commons/1.11.0/micrometer-commons-1.11.0.jar:/home/andre/.m2/repository/org/apache/commons/commons-csv/1.10.0/commons-csv-1.10.0.jar:/home/andre/.m2/repository/org/springframework/boot/spring-boot-starter-test/3.1.0/spring-boot-starter-test-3.1.0.jar:/home/andre/.m2/repository/org/springframework/boot/spring-boot-test/3.1.0/spring-boot-test-3.1.0.jar:/home/andre/.m2/repository/org/springframework/boot/spring-boot-test-autoconfigure/3.1.0/spring-boot-test-autoconfigure-3.1.0.jar:/home/andre/.m2/repository/com/jayway/jsonpath/json-path/2.8.0/json-path-2.8.0.jar:/home/andre/.m2/repository/org/slf4j/slf4j-api/2.0.7/slf4j-api-2.0.7.jar:/home/andre/.m2/repository/jakarta/xml/bind/jakarta.xml.bind-api/4.0.0/jakarta.xml.bind-api-4.0.0.jar:/home/andre/.m2/repository/jakarta/activation/jakarta.activation-api/2.1.2/jakarta.activation-api-2.1.2.jar:/home/andre/.m2/repository/net/minidev/json-smart/2.4.10/json-smart-2.4.10.jar:/home/andre/.m2/repository/net/minidev/accessors-smart/2.4.9/accessors-smart-2.4.9.jar:/home/andre/.m2/repository/org/ow2/asm/asm/9.3/asm-9.3.jar:/home/andre/.m2/repository/org/assertj/assertj-core/3.24.2/assertj-core-3.24.2.jar:/home/andre/.m2/repository/net/bytebuddy/byte-buddy/1.14.4/byte-buddy-1.14.4.jar:/home/andre/.m2/repository/org/hamcrest/hamcrest/2.2/hamcrest-2.2.jar:/home/andre/.m2/repository/org/junit/jupiter/junit-jupiter/5.9.3/junit-jupiter-5.9.3.jar:/home/andre/.m2/repository/org/junit/jupiter/junit-jupiter-api/5.9.3/junit-jupiter-api-5.9.3.jar:/home/andre/.m2/repository/org/opentest4j/opentest4j/1.2.0/opentest4j-1.2.0.jar:/home/andre/.m2/repository/org/junit/platform/junit-platform-commons/1.9.3/junit-platform-commons-1.9.3.jar:/home/andre/.m2/repository/org/apiguardian/apiguardian-api/1.1.2/apiguardian-api-1.1.2.jar:/home/andre/.m2/repository/org/junit/jupiter/junit-jupiter-params/5.9.3/junit-jupiter-params-5.9.3.jar:/home/andre/.m2/repository/org/junit/jupiter/junit-jupiter-engine/5.9.3/junit-jupiter-engine-5.9.3.jar:/home/andre/.m2/repository/org/junit/platform/junit-platform-engine/1.9.3/junit-platform-engine-1.9.3.jar:/home/andre/.m2/repository/org/mockito/mockito-core/5.3.1/mockito-core-5.3.1.jar:/home/andre/.m2/repository/net/bytebuddy/byte-buddy-agent/1.14.4/byte-buddy-agent-1.14.4.jar:/home/andre/.m2/repository/org/objenesis/objenesis/3.3/objenesis-3.3.jar:/home/andre/.m2/repository/org/mockito/mockito-junit-jupiter/5.3.1/mockito-junit-jupiter-5.3.1.jar:/home/andre/.m2/repository/org/skyscreamer/jsonassert/1.5.1/jsonassert-1.5.1.jar:/home/andre/.m2/repository/com/vaadin/external/google/android-json/0.0.20131108.vaadin1/android-json-0.0.20131108.vaadin1.jar:/home/andre/.m2/repository/org/springframework/spring-core/6.0.9/spring-core-6.0.9.jar:/home/andre/.m2/repository/org/springframework/spring-jcl/6.0.9/spring-jcl-6.0.9.jar:/home/andre/.m2/repository/org/springframework/spring-test/6.0.9/spring-test-6.0.9.jar:/home/andre/.m2/repository/org/xmlunit/xmlunit-core/2.9.1/xmlunit-core-2.9.1.jar:"/>
    <property name="java.vm.vendor" value="Private Build"/>
    <property name="sun.arch.data.model" value="64"/>
    <property name="java.vendor.url" value="Unknown"/>
    <property name="os.name" value="Linux"/>
    <property name="java.vm.specification.version" value="19"/>
    <property name="sun.java.launcher" value="SUN_STANDARD"/>
    <property name="user.country" value="BR"/>
    <property name="sun.boot.library.path" value="/usr/lib/jvm/java-19-openjdk-amd64/lib"/>
    <property name="sun.java.command" value="/home/andre/Documents/Dropbox/Disciplinas-TSI/5_semestre/TÓPICOS AVANÇADOS EM TECNOLOGIA DA INFORMAÇÃO/sistema-financeiro-distribuido/sistema_produtor/target/surefire/surefirebooter-20230619193556414_3.jar /home/andre/Documents/Dropbox/Disciplinas-TSI/5_semestre/TÓPICOS AVANÇADOS EM TECNOLOGIA DA INFORMAÇÃO/sistema-financeiro-distribuido/sistema_produtor/target/surefire 2023-06-19T19-35-56_334-jvmRun1 surefire-20230619193556414_1tmp surefire_0-20230619193556414_2tmp"/>
    <property name="jdk.debug" value="release"/>
    <property name="surefire.test.class.path" value="/home/andre/Documents/Dropbox/Disciplinas-TSI/5_semestre/TÓPICOS AVANÇADOS EM TECNOLOGIA DA INFORMAÇÃO/sistema-financeiro-distribuido/sistema_produtor/target/test-classes:/home/andre/Documents/Dropbox/Disciplinas-TSI/5_semestre/TÓPICOS AVANÇADOS EM TECNOLOGIA DA INFORMAÇÃO/sistema-financeiro-distribuido/sistema_produtor/target/classes:/home/andre/.m2/repository/org/springframework/boot/spring-boot-starter-amqp/3.1.0/spring-boot-starter-amqp-3.1.0.jar:/home/andre/.m2/repository/org/springframework/boot/spring-boot-starter/3.1.0/spring-boot-starter-3.1.0.jar:/home/andre/.m2/repository/org/springframework/boot/spring-boot/3.1.0/spring-boot-3.1.0.jar:/home/andre/.m2/repository/org/springframework/boot/spring-boot-autoconfigure/3.1.0/spring-boot-autoconfigure-3.1.0.jar:/home/andre/.m2/repository/org/springframework/boot/spring-boot-starter-logging/3.1.0/spring-boot-starter-logging-3.1.0.jar:/home/andre/.m2/repository/ch/qos/logback/logback-classic/1.4.7/logback-classic-1.4.7.jar:/home/andre/.m2/repository/ch/qos/logback/logback-core/1.4.7/logback-core-1.4.7.jar:/home/andre/.m2/repository/org/apache/logging/log4j/log4j-to-slf4j/2.20.0/log4j-to-slf4j-2.20.0.jar:/home/andre/.m2/repository/org/apache/logging/log4j/log4j-api/2.20.0/log4j-api-2.20.0.jar:/home/andre/.m2/repository/org/slf4j/jul-to-slf4j/2.0.7/jul-to-slf4j-2.0.7.jar:/home/andre/.m2/repository/jakarta/annotation/jakarta.annotation-api/2.1.1/jakarta.annotation-api-2.1.1.jar:/home/andre/.m2/repository/org/yaml/snakeyaml/1.33/snakeyaml-1.33.jar:/home/andre/.m2/repository/org/springframework/spring-messaging/6.0.9/spring-messaging-6.0.9.jar:/home/andre/.m2/repository/org/springframework/spring-beans/6.0.9/spring-beans-6.0.9.jar:/home/andre/.m2/repository/org/springframework/amqp/spring-rabbit/3.0.4/spring-rabbit-3.0.4.jar:/home/andre/.m2/repository/org/springframework/amqp/spring-amqp/3.0.4/spring-amqp-3.0.4.jar:/home/andre/.m2/repository/org/springframework/retry/spring-retry/2.0.1/spring-retry-2.0.1.jar:/home/andre/.m2/repository/com/rabbitmq/amqp-client/5.17.0/amqp-client-5.17.0.jar:/home/andre/.m2/repository/org/springframework/spring-context/6.0.9/spring-context-6.0.9.jar:/home/andre/.m2/repository/org/springframework/spring-aop/6.0.9/spring-aop-6.0.9.jar:/home/andre/.m2/repository/org/springframework/spring-expression/6.0.9/spring-expression-6.0.9.jar:/home/andre/.m2/repository/org/springframework/spring-tx/6.0.9/spring-tx-6.0.9.jar:/home/andre/.m2/repository/io/micrometer/micrometer-observation/1.11.0/micrometer-observation-1.11.0.jar:/home/andre/.m2/repository/io/micrometer/micrometer-commons/1.11.0/micrometer-commons-1.11.0.jar:/home/andre/.m2/repository/org/apache/commons/commons-csv/1.10.0/commons-csv-1.10.0.jar:/home/andre/.m2/repository/org/springframework/boot/spring-boot-starter-test/3.1.0/spring-boot-starter-test-3.1.0.jar:/home/andre/.m2/repository/org/springframework/boot/spring-boot-test/3.1.0/spring-boot-test-3.1.0.jar:/home/andre/.m2/repository/org/springframework/boot/spring-boot-test-autoconfigure/3.1.0/spring-boot-test-autoconfigure-3.1.0.jar:/home/andre/.m2/repository/com/jayway/jsonpath/json-path/2.8.0/json-path-2.8.0.jar:/home/andre/.m2/repository/org/slf4j/slf4j-api/2.0.7/slf4j-api-2.0.7.jar:/home/andre/.m2/repository/jakarta/xml/bind/jakarta.xml.bind-api/4.0.0/jakarta.xml.bind-api-4.0.0.jar:/home/andre/.m2/repository/jakarta/activation/jakarta.activation-api/2.1.2/jakarta.activation-api-2.1.2.jar:/home/andre/.m2/repository/net/minidev/json-smart/2.4.10/json-smart-2.4.10.jar:/home/andre/.m2/repository/net/minidev/accessors-smart/2.4.9/accessors-smart-2.4.9.jar:/home/andre/.m2/repository/org/ow2/asm/asm/9.3/asm-9.3.jar:/home/andre/.m2/repository/org/assertj/assertj-core/3.24.2/assertj-core-3.24.2.jar:/home/andre/.m2/repository/net/bytebuddy/byte-buddy/1.14.4/byte-buddy-1.14.4.jar:/home/andre/.m2/repository/org/hamcrest/hamcrest/2.2/hamcrest-2.2.jar:/home/andre/.m2/repository/org/junit/jupiter/junit-jupiter/5.9.3/junit-jupiter-5.9.3.jar:/home/andre/.m2/repository/org/junit/jupiter/junit-jupiter-api/5.9.3/junit-jupiter-api-5.9.3.jar:/home/andre/.m2/repository/org/opentest4j/opentest4j/1.2.0/opentest4j-1.2.0.jar:/home/andre/.m2/repository/org/junit/platform/junit-platform-commons/1.9.3/junit-platform-commons-1.9.3.jar:/home/andre/.m2/repository/org/apiguardian/apiguardian-api/1.1.2/apiguardian-api-1.1.2.jar:/home/andre/.m2/repository/org/junit/jupiter/junit-jupiter-params/5.9.3/junit-jupiter-params-5.9.3.jar:/home/andre/.m2/repository/org/junit/jupiter/junit-jupiter-engine/5.9.3/junit-jupiter-engine-5.9.3.jar:/home/andre/.m2/repository/org/junit/platform/junit-platform-engine/1.9.3/junit-platform-engine-1.9.3.jar:/home/andre/.m2/repository/org/mockito/mockito-core/5.3.1/mockito-core-5.3.1.jar:/home/andre/.m2/repository/net/bytebuddy/byte-buddy-agent/1.14.4/byte-buddy-agent-1.14.4.jar:/home/andre/.m2/repository/org/objenesis/objenesis/3.3/objenesis-3.3.jar:/home/andre/.m2/repository/org/mockito/mockito-junit-jupiter/5.3.1/mockito-junit-jupiter-5.3.1.jar:/home/andre/.m2/repository/org/skyscreamer/jsonassert/1.5.1/jsonassert-1.5.1.jar:/home/andre/.m2/repository/com/vaadin/external/google/android-json/0.0.20131108.vaadin1/android-json-0.0.20131108.vaadin1.jar:/home/andre/.m2/repository/org/springframework/spring-core/6.0.9/spring-core-6.0.9.jar:/home/andre/.m2/repository/org/springframework/spring-jcl/6.0.9/spring-jcl-6.0.9.jar:/home/andre/.m2/repository/org/springframework/spring-test/6.0.9/spring-test-6.0.9.jar:/home/andre/.m2/repository/org/xmlunit/xmlunit-core/2.9.1/xmlunit-core-2.9.1.jar:"/>
    <property name="sun.cpu.endian" value="little"/>
    <property name="user.home" value="/home/andre"/>
    <property name="user.language" value="pt"/>
    <property name="java.specification.vendor" value="Oracle Corporation"/>
    <property name="java.version.date" value="2023-01-17"/>
    <property name="java.home" value="/usr/lib/jvm/java-19-openjdk-amd64"/>
    <property name="file.separator" value="/"/>
    <property name="basedir" value="/home/andre/Documents/Dropbox/Disciplinas-TSI/5_semestre/TÓPICOS AVANÇADOS EM TECNOLOGIA DA INFORMAÇÃO/sistema-financeiro-distribuido/sistema_produtor"/>
    <property name="java.vm.compressedOopsMode" value="Zero based"/>
    <property name="line.separator" value="&#10;"/>
    <property name="java.specification.name" value="Java Platform API Specification"/>
    <property name="java.vm.specification.vendor" value="Oracle Corporation"/>
    <property name="surefire.real.class.path" value="/home/andre/Documents/Dropbox/Disciplinas-TSI/5_semestre/TÓPICOS AVANÇADOS EM TECNOLOGIA DA INFORMAÇÃO/sistema-financeiro-distribuido/sistema_produtor/target/surefire/surefirebooter-20230619193556414_3.jar"/>
    <property name="sun.management.compiler" value="HotSpot 64-Bit Tiered Compilers"/>
    <property name="java.runtime.version" value="19.0.2+7-Ubuntu-0ubuntu322.04"/>
    <property name="user.name" value="andre"/>
    <property name="stdout.encoding" value="UTF-8"/>
    <property name="path.separator" value=":"/>
    <property name="os.version" value="5.15.0-75-generic"/>
    <property name="java.runtime.name" value="OpenJDK Runtime Environment"/>
    <property name="file.encoding" value="UTF-8"/>
    <property name="java.vm.name" value="OpenJDK 64-Bit Server VM"/>
    <property name="localRepository" value="/home/andre/.m2/repository"/>
    <property name="java.vendor.url.bug" value="Unknown"/>
    <property name="java.io.tmpdir" value="/tmp"/>
    <property name="java.version" value="19.0.2"/>
    <property name="user.dir" value="/home/andre/Documents/Dropbox/Disciplinas-TSI/5_semestre/TÓPICOS AVANÇADOS EM TECNOLOGIA DA INFORMAÇÃO/sistema-financeiro-distribuido/sistema_produtor"/>
    <property name="os.arch" value="amd64"/>
    <property name="java.vm.specification.name" value="Java Virtual Machine Specification"/>
    <property name="native.encoding" value="UTF-8"/>
    <property name="java.library.path" value="/usr/java/packages/lib:/usr/lib/x86_64-linux-gnu/jni:/lib/x86_64-linux-gnu:/usr/lib/x86_64-linux-gnu:/usr/lib/jni:/lib:/usr/lib"/>
    <property name="java.vm.info" value="mixed mode, sharing"/>
    <property name="stderr.encoding" value="UTF-8"/>
    <property name="java.vendor" value="Private Build"/>
    <property name="java.vm.version" value="19.0.2+7-Ubuntu-0ubuntu322.04"/>
    <property name="sun.io.unicode.encoding" value="UnicodeLittle"/>
    <property name="java.class.version" value="63.0"/>
  </properties>
  <testcase name="test" classname="br.edu.utfpr.td.tsi.MainTest" time="0.024"/>
</testsuite>